<?xml version="1.0" encoding="UTF-8"?>
<!-- Generated by org.testng.reporters.JUnitXMLReporter -->
<testsuite hostname="DESKTOP-7N3BV5I" ignored="0" name="Test" tests="1" failures="0" timestamp="13 Aug 2019 20:36:17 GMT" time="0.055" errors="0">
  <testcase name="@BeforeMethod launchApp" time="0.0" classname="generic.Generic_Test_Class">
    <failure type="org.testng.TestNGException" message="
Can inject only one of &amp;lt;ITestContext, XmlTest, Method, Object[], ITestResult&amp;gt; into a @BeforeMethod annotated launchApp.
For more information on native dependency injection please refer to http://testng.org/doc/documentation-main.html#native-dependency-injection">
      <![CDATA[org.testng.TestNGException: 
Can inject only one of <ITestContext, XmlTest, Method, Object[], ITestResult> into a @BeforeMethod annotated launchApp.
For more information on native dependency injection please refer to http://testng.org/doc/documentation-main.html#native-dependency-injection
... Removed 25 stack frames]]>
    </failure>
  </testcase> <!-- @BeforeMethod launchApp -->
  <testcase name="@AfterMethod closeApp" time="0.0" classname="generic.Generic_Test_Class">
    <skipped/>
  </testcase> <!-- @AfterMethod closeApp -->
  <testcase name="testvalidLoginLogout" time="0.0" classname="scripts.validLoginLogout">
    <skipped/>
  </testcase> <!-- testvalidLoginLogout -->
</testsuite> <!-- Test -->
